<?xml version="1.0" encoding="UTF-8"?>
<testsuites>
  <testsuite name="C:\Users\sodey\Desktop\Gabby\Laravel\ForgekinBackend\phpunit.xml" tests="192" assertions="577" errors="0" failures="0" skipped="0" time="14.408728">
    <testsuite name="Unit" tests="1" assertions="1" errors="0" failures="0" skipped="0" time="0.005176">
      <testsuite name="Tests\Unit\ExampleTest" file="C:\Users\sodey\Desktop\Gabby\Laravel\ForgekinBackend\tests\Unit\ExampleTest.php" tests="1" assertions="1" errors="0" failures="0" skipped="0" time="0.005176">
        <testcase name="test_that_true_is_true" file="C:\Users\sodey\Desktop\Gabby\Laravel\ForgekinBackend\tests\Unit\ExampleTest.php" line="12" class="Tests\Unit\ExampleTest" classname="Tests.Unit.ExampleTest" assertions="1" time="0.005176"/>
      </testsuite>
    </testsuite>
    <testsuite name="Feature" tests="191" assertions="576" errors="0" failures="0" skipped="0" time="14.403551">
      <testsuite name="Tests\Feature\AdminEmployerVerificationTest" file="C:\Users\sodey\Desktop\Gabby\Laravel\ForgekinBackend\tests\Feature\AdminEmployerVerificationTest.php" tests="7" assertions="14" errors="0" failures="0" skipped="0" time="1.154413">
        <testcase name="test_admin_can_approve_inactive_employer" file="C:\Users\sodey\Desktop\Gabby\Laravel\ForgekinBackend\tests\Feature\AdminEmployerVerificationTest.php" line="36" class="Tests\Feature\AdminEmployerVerificationTest" classname="Tests.Feature.AdminEmployerVerificationTest" assertions="3" time="0.682577"/>
        <testcase name="test_approving_sends_notification_to_employer" file="C:\Users\sodey\Desktop\Gabby\Laravel\ForgekinBackend\tests\Feature\AdminEmployerVerificationTest.php" line="52" class="Tests\Feature\AdminEmployerVerificationTest" classname="Tests.Feature.AdminEmployerVerificationTest" assertions="1" time="0.086883"/>
        <testcase name="test_approve_is_idempotent_when_already_active" file="C:\Users\sodey\Desktop\Gabby\Laravel\ForgekinBackend\tests\Feature\AdminEmployerVerificationTest.php" line="62" class="Tests\Feature\AdminEmployerVerificationTest" classname="Tests.Feature.AdminEmployerVerificationTest" assertions="3" time="0.067731"/>
        <testcase name="test_admin_can_revoke_verification" file="C:\Users\sodey\Desktop\Gabby\Laravel\ForgekinBackend\tests\Feature\AdminEmployerVerificationTest.php" line="75" class="Tests\Feature\AdminEmployerVerificationTest" classname="Tests.Feature.AdminEmployerVerificationTest" assertions="4" time="0.108789"/>
        <testcase name="test_unauthenticated_cannot_approve" file="C:\Users\sodey\Desktop\Gabby\Laravel\ForgekinBackend\tests\Feature\AdminEmployerVerificationTest.php" line="93" class="Tests\Feature\AdminEmployerVerificationTest" classname="Tests.Feature.AdminEmployerVerificationTest" assertions="1" time="0.068804"/>
        <testcase name="test_user_without_permission_cannot_approve" file="C:\Users\sodey\Desktop\Gabby\Laravel\ForgekinBackend\tests\Feature\AdminEmployerVerificationTest.php" line="101" class="Tests\Feature\AdminEmployerVerificationTest" classname="Tests.Feature.AdminEmployerVerificationTest" assertions="1" time="0.072291"/>
        <testcase name="test_approve_returns_404_for_nonexistent_employer" file="C:\Users\sodey\Desktop\Gabby\Laravel\ForgekinBackend\tests\Feature\AdminEmployerVerificationTest.php" line="115" class="Tests\Feature\AdminEmployerVerificationTest" classname="Tests.Feature.AdminEmployerVerificationTest" assertions="1" time="0.067338"/>
      </testsuite>
      <testsuite name="Tests\Feature\AdminJobActionsTest" file="C:\Users\sodey\Desktop\Gabby\Laravel\ForgekinBackend\tests\Feature\AdminJobActionsTest.php" tests="8" assertions="19" errors="0" failures="0" skipped="0" time="0.715642">
        <testcase name="test_admin_can_approve_job" file="C:\Users\sodey\Desktop\Gabby\Laravel\ForgekinBackend\tests\Feature\AdminJobActionsTest.php" line="38" class="Tests\Feature\AdminJobActionsTest" classname="Tests.Feature.AdminJobActionsTest" assertions="3" time="0.097038"/>
        <testcase name="test_approve_is_idempotent_when_already_approved" file="C:\Users\sodey\Desktop\Gabby\Laravel\ForgekinBackend\tests\Feature\AdminJobActionsTest.php" line="58" class="Tests\Feature\AdminJobActionsTest" classname="Tests.Feature.AdminJobActionsTest" assertions="2" time="0.088813"/>
        <testcase name="test_approve_returns_404_for_nonexistent_job" file="C:\Users\sodey\Desktop\Gabby\Laravel\ForgekinBackend\tests\Feature\AdminJobActionsTest.php" line="73" class="Tests\Feature\AdminJobActionsTest" classname="Tests.Feature.AdminJobActionsTest" assertions="2" time="0.100964"/>
        <testcase name="test_admin_can_assign_freelancer_to_job" file="C:\Users\sodey\Desktop\Gabby\Laravel\ForgekinBackend\tests\Feature\AdminJobActionsTest.php" line="83" class="Tests\Feature\AdminJobActionsTest" classname="Tests.Feature.AdminJobActionsTest" assertions="3" time="0.122510"/>
        <testcase name="test_assign_fails_without_freelancer_id" file="C:\Users\sodey\Desktop\Gabby\Laravel\ForgekinBackend\tests\Feature\AdminJobActionsTest.php" line="104" class="Tests\Feature\AdminJobActionsTest" classname="Tests.Feature.AdminJobActionsTest" assertions="3" time="0.088273"/>
        <testcase name="test_assign_fails_for_nonexistent_freelancer" file="C:\Users\sodey\Desktop\Gabby\Laravel\ForgekinBackend\tests\Feature\AdminJobActionsTest.php" line="115" class="Tests\Feature\AdminJobActionsTest" classname="Tests.Feature.AdminJobActionsTest" assertions="3" time="0.071216"/>
        <testcase name="test_assign_returns_404_for_nonexistent_job" file="C:\Users\sodey\Desktop\Gabby\Laravel\ForgekinBackend\tests\Feature\AdminJobActionsTest.php" line="128" class="Tests\Feature\AdminJobActionsTest" classname="Tests.Feature.AdminJobActionsTest" assertions="1" time="0.073097"/>
        <testcase name="test_unauthenticated_cannot_access_admin_job_actions" file="C:\Users\sodey\Desktop\Gabby\Laravel\ForgekinBackend\tests\Feature\AdminJobActionsTest.php" line="139" class="Tests\Feature\AdminJobActionsTest" classname="Tests.Feature.AdminJobActionsTest" assertions="2" time="0.073731"/>
      </testsuite>
      <testsuite name="Tests\Feature\AdminPerformanceTest" file="C:\Users\sodey\Desktop\Gabby\Laravel\ForgekinBackend\tests\Feature\AdminPerformanceTest.php" tests="5" assertions="62" errors="0" failures="0" skipped="0" time="0.388843">
        <testcase name="test_dashboard_returns_empty_shape_for_fresh_platform" file="C:\Users\sodey\Desktop\Gabby\Laravel\ForgekinBackend\tests\Feature\AdminPerformanceTest.php" line="38" class="Tests\Feature\AdminPerformanceTest" classname="Tests.Feature.AdminPerformanceTest" assertions="38" time="0.079470"/>
        <testcase name="test_dashboard_aggregates_platform_wide_activity" file="C:\Users\sodey\Desktop\Gabby\Laravel\ForgekinBackend\tests\Feature\AdminPerformanceTest.php" line="64" class="Tests\Feature\AdminPerformanceTest" classname="Tests.Feature.AdminPerformanceTest" assertions="19" time="0.098005"/>
        <testcase name="test_respects_date_range_preset" file="C:\Users\sodey\Desktop\Gabby\Laravel\ForgekinBackend\tests\Feature\AdminPerformanceTest.php" line="153" class="Tests\Feature\AdminPerformanceTest" classname="Tests.Feature.AdminPerformanceTest" assertions="3" time="0.084287"/>
        <testcase name="test_user_without_permission_is_forbidden" file="C:\Users\sodey\Desktop\Gabby\Laravel\ForgekinBackend\tests\Feature\AdminPerformanceTest.php" line="183" class="Tests\Feature\AdminPerformanceTest" classname="Tests.Feature.AdminPerformanceTest" assertions="1" time="0.064042"/>
        <testcase name="test_unauthenticated_gets_401" file="C:\Users\sodey\Desktop\Gabby\Laravel\ForgekinBackend\tests\Feature\AdminPerformanceTest.php" line="195" class="Tests\Feature\AdminPerformanceTest" classname="Tests.Feature.AdminPerformanceTest" assertions="1" time="0.063039"/>
      </testsuite>
      <testsuite name="Tests\Feature\AdminUserTest" file="C:\Users\sodey\Desktop\Gabby\Laravel\ForgekinBackend\tests\Feature\AdminUserTest.php" tests="16" assertions="39" errors="0" failures="0" skipped="0" time="1.130351">
        <testcase name="test_admin_can_login" file="C:\Users\sodey\Desktop\Gabby\Laravel\ForgekinBackend\tests\Feature\AdminUserTest.php" line="35" class="Tests\Feature\AdminUserTest" classname="Tests.Feature.AdminUserTest" assertions="5" time="0.069692"/>
        <testcase name="test_admin_login_fails_with_wrong_credentials" file="C:\Users\sodey\Desktop\Gabby\Laravel\ForgekinBackend\tests\Feature\AdminUserTest.php" line="47" class="Tests\Feature\AdminUserTest" classname="Tests.Feature.AdminUserTest" assertions="2" time="0.100759"/>
        <testcase name="test_admin_login_fails_with_nonexistent_email" file="C:\Users\sodey\Desktop\Gabby\Laravel\ForgekinBackend\tests\Feature\AdminUserTest.php" line="58" class="Tests\Feature\AdminUserTest" classname="Tests.Feature.AdminUserTest" assertions="1" time="0.069382"/>
        <testcase name="test_super_admin_can_list_users" file="C:\Users\sodey\Desktop\Gabby\Laravel\ForgekinBackend\tests\Feature\AdminUserTest.php" line="70" class="Tests\Feature\AdminUserTest" classname="Tests.Feature.AdminUserTest" assertions="2" time="0.096899"/>
        <testcase name="test_non_super_admin_cannot_list_users" file="C:\Users\sodey\Desktop\Gabby\Laravel\ForgekinBackend\tests\Feature\AdminUserTest.php" line="81" class="Tests\Feature\AdminUserTest" classname="Tests.Feature.AdminUserTest" assertions="1" time="0.082257"/>
        <testcase name="test_super_admin_can_show_user" file="C:\Users\sodey\Desktop\Gabby\Laravel\ForgekinBackend\tests\Feature\AdminUserTest.php" line="95" class="Tests\Feature\AdminUserTest" classname="Tests.Feature.AdminUserTest" assertions="2" time="0.071799"/>
        <testcase name="test_show_returns_404_for_nonexistent_user" file="C:\Users\sodey\Desktop\Gabby\Laravel\ForgekinBackend\tests\Feature\AdminUserTest.php" line="105" class="Tests\Feature\AdminUserTest" classname="Tests.Feature.AdminUserTest" assertions="1" time="0.070671"/>
        <testcase name="test_super_admin_can_create_user" file="C:\Users\sodey\Desktop\Gabby\Laravel\ForgekinBackend\tests\Feature\AdminUserTest.php" line="115" class="Tests\Feature\AdminUserTest" classname="Tests.Feature.AdminUserTest" assertions="3" time="0.059559"/>
        <testcase name="test_create_user_fails_with_duplicate_email" file="C:\Users\sodey\Desktop\Gabby\Laravel\ForgekinBackend\tests\Feature\AdminUserTest.php" line="131" class="Tests\Feature\AdminUserTest" classname="Tests.Feature.AdminUserTest" assertions="3" time="0.064370"/>
        <testcase name="test_create_user_fails_with_short_password" file="C:\Users\sodey\Desktop\Gabby\Laravel\ForgekinBackend\tests\Feature\AdminUserTest.php" line="146" class="Tests\Feature\AdminUserTest" classname="Tests.Feature.AdminUserTest" assertions="3" time="0.053734"/>
        <testcase name="test_super_admin_can_delete_regular_user" file="C:\Users\sodey\Desktop\Gabby\Laravel\ForgekinBackend\tests\Feature\AdminUserTest.php" line="161" class="Tests\Feature\AdminUserTest" classname="Tests.Feature.AdminUserTest" assertions="3" time="0.062766"/>
        <testcase name="test_cannot_delete_super_admin" file="C:\Users\sodey\Desktop\Gabby\Laravel\ForgekinBackend\tests\Feature\AdminUserTest.php" line="174" class="Tests\Feature\AdminUserTest" classname="Tests.Feature.AdminUserTest" assertions="2" time="0.056014"/>
        <testcase name="test_super_admin_can_sync_roles" file="C:\Users\sodey\Desktop\Gabby\Laravel\ForgekinBackend\tests\Feature\AdminUserTest.php" line="185" class="Tests\Feature\AdminUserTest" classname="Tests.Feature.AdminUserTest" assertions="3" time="0.055766"/>
        <testcase name="test_cannot_modify_super_admin_roles" file="C:\Users\sodey\Desktop\Gabby\Laravel\ForgekinBackend\tests\Feature\AdminUserTest.php" line="200" class="Tests\Feature\AdminUserTest" classname="Tests.Feature.AdminUserTest" assertions="2" time="0.061785"/>
        <testcase name="test_sync_roles_fails_with_nonexistent_role" file="C:\Users\sodey\Desktop\Gabby\Laravel\ForgekinBackend\tests\Feature\AdminUserTest.php" line="211" class="Tests\Feature\AdminUserTest" classname="Tests.Feature.AdminUserTest" assertions="3" time="0.077567"/>
        <testcase name="test_unauthenticated_cannot_access_admin_routes" file="C:\Users\sodey\Desktop\Gabby\Laravel\ForgekinBackend\tests\Feature\AdminUserTest.php" line="225" class="Tests\Feature\AdminUserTest" classname="Tests.Feature.AdminUserTest" assertions="3" time="0.077330"/>
      </testsuite>
      <testsuite name="Tests\Feature\CrossLookupTest" file="C:\Users\sodey\Desktop\Gabby\Laravel\ForgekinBackend\tests\Feature\CrossLookupTest.php" tests="16" assertions="31" errors="0" failures="0" skipped="0" time="0.854424">
        <testcase name="test_freelancer_can_list_jobs_assigned_to_them" file="C:\Users\sodey\Desktop\Gabby\Laravel\ForgekinBackend\tests\Feature\CrossLookupTest.php" line="21" class="Tests\Feature\CrossLookupTest" classname="Tests.Feature.CrossLookupTest" assertions="3" time="0.060681"/>
        <testcase name="test_assigned_jobs_respects_status_filter" file="C:\Users\sodey\Desktop\Gabby\Laravel\ForgekinBackend\tests\Feature\CrossLookupTest.php" line="50" class="Tests\Feature\CrossLookupTest" classname="Tests.Feature.CrossLookupTest" assertions="2" time="0.057399"/>
        <testcase name="test_assigned_jobs_active_only_filter_excludes_done" file="C:\Users\sodey\Desktop\Gabby\Laravel\ForgekinBackend\tests\Feature\CrossLookupTest.php" line="74" class="Tests\Feature\CrossLookupTest" classname="Tests.Feature.CrossLookupTest" assertions="2" time="0.046587"/>
        <testcase name="test_freelancer_cannot_list_another_freelancers_jobs" file="C:\Users\sodey\Desktop\Gabby\Laravel\ForgekinBackend\tests\Feature\CrossLookupTest.php" line="97" class="Tests\Feature\CrossLookupTest" classname="Tests.Feature.CrossLookupTest" assertions="1" time="0.047945"/>
        <testcase name="test_assigned_jobs_requires_auth" file="C:\Users\sodey\Desktop\Gabby\Laravel\ForgekinBackend\tests\Feature\CrossLookupTest.php" line="108" class="Tests\Feature\CrossLookupTest" classname="Tests.Feature.CrossLookupTest" assertions="1" time="0.041964"/>
        <testcase name="test_employer_can_list_freelancers_on_their_jobs" file="C:\Users\sodey\Desktop\Gabby\Laravel\ForgekinBackend\tests\Feature\CrossLookupTest.php" line="116" class="Tests\Feature\CrossLookupTest" classname="Tests.Feature.CrossLookupTest" assertions="5" time="0.056310"/>
        <testcase name="test_employer_freelancers_active_filter" file="C:\Users\sodey\Desktop\Gabby\Laravel\ForgekinBackend\tests\Feature\CrossLookupTest.php" line="162" class="Tests\Feature\CrossLookupTest" classname="Tests.Feature.CrossLookupTest" assertions="2" time="0.053042"/>
        <testcase name="test_employer_cannot_list_another_employers_freelancers" file="C:\Users\sodey\Desktop\Gabby\Laravel\ForgekinBackend\tests\Feature\CrossLookupTest.php" line="188" class="Tests\Feature\CrossLookupTest" classname="Tests.Feature.CrossLookupTest" assertions="1" time="0.036316"/>
        <testcase name="test_employer_freelancers_requires_auth" file="C:\Users\sodey\Desktop\Gabby\Laravel\ForgekinBackend\tests\Feature\CrossLookupTest.php" line="199" class="Tests\Feature\CrossLookupTest" classname="Tests.Feature.CrossLookupTest" assertions="1" time="0.038762"/>
        <testcase name="test_employer_can_see_freelancer_assigned_to_their_job" file="C:\Users\sodey\Desktop\Gabby\Laravel\ForgekinBackend\tests\Feature\CrossLookupTest.php" line="207" class="Tests\Feature\CrossLookupTest" classname="Tests.Feature.CrossLookupTest" assertions="4" time="0.048027"/>
        <testcase name="test_assigned_freelancer_can_see_themselves_on_the_job" file="C:\Users\sodey\Desktop\Gabby\Laravel\ForgekinBackend\tests\Feature\CrossLookupTest.php" line="230" class="Tests\Feature\CrossLookupTest" classname="Tests.Feature.CrossLookupTest" assertions="2" time="0.044205"/>
        <testcase name="test_random_freelancer_cannot_see_freelancer_on_someone_elses_job" file="C:\Users\sodey\Desktop\Gabby\Laravel\ForgekinBackend\tests\Feature\CrossLookupTest.php" line="248" class="Tests\Feature\CrossLookupTest" classname="Tests.Feature.CrossLookupTest" assertions="1" time="0.047701"/>
        <testcase name="test_admin_with_jobs_read_permission_can_see_freelancer_on_any_job" file="C:\Users\sodey\Desktop\Gabby\Laravel\ForgekinBackend\tests\Feature\CrossLookupTest.php" line="265" class="Tests\Feature\CrossLookupTest" classname="Tests.Feature.CrossLookupTest" assertions="2" time="0.092536"/>
        <testcase name="test_freelancer_endpoint_returns_null_when_no_one_assigned" file="C:\Users\sodey\Desktop\Gabby\Laravel\ForgekinBackend\tests\Feature\CrossLookupTest.php" line="288" class="Tests\Feature\CrossLookupTest" classname="Tests.Feature.CrossLookupTest" assertions="2" time="0.053461"/>
        <testcase name="test_freelancer_endpoint_returns_404_for_missing_job" file="C:\Users\sodey\Desktop\Gabby\Laravel\ForgekinBackend\tests\Feature\CrossLookupTest.php" line="309" class="Tests\Feature\CrossLookupTest" classname="Tests.Feature.CrossLookupTest" assertions="1" time="0.057343"/>
        <testcase name="test_freelancer_endpoint_requires_auth" file="C:\Users\sodey\Desktop\Gabby\Laravel\ForgekinBackend\tests\Feature\CrossLookupTest.php" line="319" class="Tests\Feature\CrossLookupTest" classname="Tests.Feature.CrossLookupTest" assertions="1" time="0.072148"/>
      </testsuite>
      <testsuite name="Tests\Feature\EmployerProfileFieldsTest" file="C:\Users\sodey\Desktop\Gabby\Laravel\ForgekinBackend\tests\Feature\EmployerProfileFieldsTest.php" tests="10" assertions="34" errors="0" failures="0" skipped="0" time="0.617802">
        <testcase name="test_employer_can_update_extended_profile_fields" file="C:\Users\sodey\Desktop\Gabby\Laravel\ForgekinBackend\tests\Feature\EmployerProfileFieldsTest.php" line="31" class="Tests\Feature\EmployerProfileFieldsTest" classname="Tests.Feature.EmployerProfileFieldsTest" assertions="7" time="0.076265"/>
        <testcase name="test_specialties_round_trip_through_json_column" file="C:\Users\sodey\Desktop\Gabby\Laravel\ForgekinBackend\tests\Feature\EmployerProfileFieldsTest.php" line="59" class="Tests\Feature\EmployerProfileFieldsTest" classname="Tests.Feature.EmployerProfileFieldsTest" assertions="3" time="0.053019"/>
        <testcase name="test_founded_must_be_four_digit_year" file="C:\Users\sodey\Desktop\Gabby\Laravel\ForgekinBackend\tests\Feature\EmployerProfileFieldsTest.php" line="71" class="Tests\Feature\EmployerProfileFieldsTest" classname="Tests.Feature.EmployerProfileFieldsTest" assertions="3" time="0.060364"/>
        <testcase name="test_specialty_entries_must_be_strings_under_100_chars" file="C:\Users\sodey\Desktop\Gabby\Laravel\ForgekinBackend\tests\Feature\EmployerProfileFieldsTest.php" line="81" class="Tests\Feature\EmployerProfileFieldsTest" classname="Tests.Feature.EmployerProfileFieldsTest" assertions="3" time="0.056034"/>
        <testcase name="test_company_logo_multipart_upload_uses_company_slug" file="C:\Users\sodey\Desktop\Gabby\Laravel\ForgekinBackend\tests\Feature\EmployerProfileFieldsTest.php" line="93" class="Tests\Feature\EmployerProfileFieldsTest" classname="Tests.Feature.EmployerProfileFieldsTest" assertions="3" time="0.068973"/>
        <testcase name="test_logo_multipart_rejects_disallowed_extension" file="C:\Users\sodey\Desktop\Gabby\Laravel\ForgekinBackend\tests\Feature\EmployerProfileFieldsTest.php" line="112" class="Tests\Feature\EmployerProfileFieldsTest" classname="Tests.Feature.EmployerProfileFieldsTest" assertions="3" time="0.053532"/>
        <testcase name="test_company_logo_base64_upload_decodes_and_saves" file="C:\Users\sodey\Desktop\Gabby\Laravel\ForgekinBackend\tests\Feature\EmployerProfileFieldsTest.php" line="130" class="Tests\Feature\EmployerProfileFieldsTest" classname="Tests.Feature.EmployerProfileFieldsTest" assertions="3" time="0.057918"/>
        <testcase name="test_invalid_base64_data_uri_is_rejected" file="C:\Users\sodey\Desktop\Gabby\Laravel\ForgekinBackend\tests\Feature\EmployerProfileFieldsTest.php" line="151" class="Tests\Feature\EmployerProfileFieldsTest" classname="Tests.Feature.EmployerProfileFieldsTest" assertions="3" time="0.070664"/>
        <testcase name="test_sending_null_logo_clears_existing_logo" file="C:\Users\sodey\Desktop\Gabby\Laravel\ForgekinBackend\tests\Feature\EmployerProfileFieldsTest.php" line="161" class="Tests\Feature\EmployerProfileFieldsTest" classname="Tests.Feature.EmployerProfileFieldsTest" assertions="3" time="0.070431"/>
        <testcase name="test_response_includes_company_logo_url" file="C:\Users\sodey\Desktop\Gabby\Laravel\ForgekinBackend\tests\Feature\EmployerProfileFieldsTest.php" line="176" class="Tests\Feature\EmployerProfileFieldsTest" classname="Tests.Feature.EmployerProfileFieldsTest" assertions="3" time="0.050602"/>
      </testsuite>
      <testsuite name="Tests\Feature\EmployerTest" file="C:\Users\sodey\Desktop\Gabby\Laravel\ForgekinBackend\tests\Feature\EmployerTest.php" tests="20" assertions="46" errors="0" failures="0" skipped="0" time="1.234802">
        <testcase name="test_employer_can_register" file="C:\Users\sodey\Desktop\Gabby\Laravel\ForgekinBackend\tests\Feature\EmployerTest.php" line="37" class="Tests\Feature\EmployerTest" classname="Tests.Feature.EmployerTest" assertions="3" time="0.166860"/>
        <testcase name="test_employer_registration_sends_admin_notification" file="C:\Users\sodey\Desktop\Gabby\Laravel\ForgekinBackend\tests\Feature\EmployerTest.php" line="53" class="Tests\Feature\EmployerTest" classname="Tests.Feature.EmployerTest" assertions="1" time="0.046373"/>
        <testcase name="test_registration_fails_with_duplicate_email" file="C:\Users\sodey\Desktop\Gabby\Laravel\ForgekinBackend\tests\Feature\EmployerTest.php" line="60" class="Tests\Feature\EmployerTest" classname="Tests.Feature.EmployerTest" assertions="2" time="0.040310"/>
        <testcase name="test_registration_fails_with_duplicate_company_name" file="C:\Users\sodey\Desktop\Gabby\Laravel\ForgekinBackend\tests\Feature\EmployerTest.php" line="70" class="Tests\Feature\EmployerTest" classname="Tests.Feature.EmployerTest" assertions="2" time="0.069379"/>
        <testcase name="test_registration_fails_with_invalid_business_type" file="C:\Users\sodey\Desktop\Gabby\Laravel\ForgekinBackend\tests\Feature\EmployerTest.php" line="80" class="Tests\Feature\EmployerTest" classname="Tests.Feature.EmployerTest" assertions="3" time="0.059068"/>
        <testcase name="test_registration_fails_without_company_name" file="C:\Users\sodey\Desktop\Gabby\Laravel\ForgekinBackend\tests\Feature\EmployerTest.php" line="87" class="Tests\Feature\EmployerTest" classname="Tests.Feature.EmployerTest" assertions="3" time="0.135850"/>
        <testcase name="test_registration_fails_without_password_confirmation" file="C:\Users\sodey\Desktop\Gabby\Laravel\ForgekinBackend\tests\Feature\EmployerTest.php" line="94" class="Tests\Feature\EmployerTest" classname="Tests.Feature.EmployerTest" assertions="3" time="0.070405"/>
        <testcase name="test_active_employer_can_login" file="C:\Users\sodey\Desktop\Gabby\Laravel\ForgekinBackend\tests\Feature\EmployerTest.php" line="103" class="Tests\Feature\EmployerTest" classname="Tests.Feature.EmployerTest" assertions="6" time="0.056766"/>
        <testcase name="test_inactive_employer_cannot_login" file="C:\Users\sodey\Desktop\Gabby\Laravel\ForgekinBackend\tests\Feature\EmployerTest.php" line="120" class="Tests\Feature\EmployerTest" classname="Tests.Feature.EmployerTest" assertions="2" time="0.058176"/>
        <testcase name="test_employer_login_fails_with_wrong_password" file="C:\Users\sodey\Desktop\Gabby\Laravel\ForgekinBackend\tests\Feature\EmployerTest.php" line="137" class="Tests\Feature\EmployerTest" classname="Tests.Feature.EmployerTest" assertions="2" time="0.069344"/>
        <testcase name="test_can_list_employers" file="C:\Users\sodey\Desktop\Gabby\Laravel\ForgekinBackend\tests\Feature\EmployerTest.php" line="155" class="Tests\Feature\EmployerTest" classname="Tests.Feature.EmployerTest" assertions="2" time="0.057134"/>
        <testcase name="test_employer_search_filters_results" file="C:\Users\sodey\Desktop\Gabby\Laravel\ForgekinBackend\tests\Feature\EmployerTest.php" line="164" class="Tests\Feature\EmployerTest" classname="Tests.Feature.EmployerTest" assertions="2" time="0.053107"/>
        <testcase name="test_can_show_employer" file="C:\Users\sodey\Desktop\Gabby\Laravel\ForgekinBackend\tests\Feature\EmployerTest.php" line="177" class="Tests\Feature\EmployerTest" classname="Tests.Feature.EmployerTest" assertions="2" time="0.040767"/>
        <testcase name="test_show_returns_404_for_nonexistent_employer" file="C:\Users\sodey\Desktop\Gabby\Laravel\ForgekinBackend\tests\Feature\EmployerTest.php" line="187" class="Tests\Feature\EmployerTest" classname="Tests.Feature.EmployerTest" assertions="1" time="0.033766"/>
        <testcase name="test_employer_can_update_own_profile" file="C:\Users\sodey\Desktop\Gabby\Laravel\ForgekinBackend\tests\Feature\EmployerTest.php" line="195" class="Tests\Feature\EmployerTest" classname="Tests.Feature.EmployerTest" assertions="2" time="0.051679"/>
        <testcase name="test_employer_cannot_update_another_employer" file="C:\Users\sodey\Desktop\Gabby\Laravel\ForgekinBackend\tests\Feature\EmployerTest.php" line="209" class="Tests\Feature\EmployerTest" classname="Tests.Feature.EmployerTest" assertions="1" time="0.042774"/>
        <testcase name="test_employer_can_delete_own_account" file="C:\Users\sodey\Desktop\Gabby\Laravel\ForgekinBackend\tests\Feature\EmployerTest.php" line="225" class="Tests\Feature\EmployerTest" classname="Tests.Feature.EmployerTest" assertions="3" time="0.041988"/>
        <testcase name="test_employer_cannot_delete_another_employer" file="C:\Users\sodey\Desktop\Gabby\Laravel\ForgekinBackend\tests\Feature\EmployerTest.php" line="239" class="Tests\Feature\EmployerTest" classname="Tests.Feature.EmployerTest" assertions="1" time="0.052703"/>
        <testcase name="test_employer_can_logout" file="C:\Users\sodey\Desktop\Gabby\Laravel\ForgekinBackend\tests\Feature\EmployerTest.php" line="253" class="Tests\Feature\EmployerTest" classname="Tests.Feature.EmployerTest" assertions="2" time="0.045781"/>
        <testcase name="test_unauthenticated_user_cannot_access_protected_employer_routes" file="C:\Users\sodey\Desktop\Gabby\Laravel\ForgekinBackend\tests\Feature\EmployerTest.php" line="265" class="Tests\Feature\EmployerTest" classname="Tests.Feature.EmployerTest" assertions="3" time="0.042573"/>
      </testsuite>
      <testsuite name="Tests\Feature\ExampleTest" file="C:\Users\sodey\Desktop\Gabby\Laravel\ForgekinBackend\tests\Feature\ExampleTest.php" tests="1" assertions="1" errors="0" failures="0" skipped="0" time="0.071885">
        <testcase name="test_the_application_returns_a_successful_response" file="C:\Users\sodey\Desktop\Gabby\Laravel\ForgekinBackend\tests\Feature\ExampleTest.php" line="13" class="Tests\Feature\ExampleTest" classname="Tests.Feature.ExampleTest" assertions="1" time="0.071885"/>
      </testsuite>
      <testsuite name="Tests\Feature\FreelancerAuthTest" file="C:\Users\sodey\Desktop\Gabby\Laravel\ForgekinBackend\tests\Feature\FreelancerAuthTest.php" tests="10" assertions="25" errors="0" failures="0" skipped="0" time="0.599488">
        <testcase name="test_verified_freelancer_can_login" file="C:\Users\sodey\Desktop\Gabby\Laravel\ForgekinBackend\tests\Feature\FreelancerAuthTest.php" line="16" class="Tests\Feature\FreelancerAuthTest" classname="Tests.Feature.FreelancerAuthTest" assertions="6" time="0.085870"/>
        <testcase name="test_login_returns_sanctum_token" file="C:\Users\sodey\Desktop\Gabby\Laravel\ForgekinBackend\tests\Feature\FreelancerAuthTest.php" line="33" class="Tests\Feature\FreelancerAuthTest" classname="Tests.Feature.FreelancerAuthTest" assertions="2" time="0.080974"/>
        <testcase name="test_login_fails_with_wrong_password" file="C:\Users\sodey\Desktop\Gabby\Laravel\ForgekinBackend\tests\Feature\FreelancerAuthTest.php" line="49" class="Tests\Feature\FreelancerAuthTest" classname="Tests.Feature.FreelancerAuthTest" assertions="2" time="0.068121"/>
        <testcase name="test_login_fails_with_nonexistent_email" file="C:\Users\sodey\Desktop\Gabby\Laravel\ForgekinBackend\tests\Feature\FreelancerAuthTest.php" line="68" class="Tests\Feature\FreelancerAuthTest" classname="Tests.Feature.FreelancerAuthTest" assertions="2" time="0.053678"/>
        <testcase name="test_unverified_freelancer_cannot_login" file="C:\Users\sodey\Desktop\Gabby\Laravel\ForgekinBackend\tests\Feature\FreelancerAuthTest.php" line="79" class="Tests\Feature\FreelancerAuthTest" classname="Tests.Feature.FreelancerAuthTest" assertions="2" time="0.045893"/>
        <testcase name="test_login_revokes_previous_tokens" file="C:\Users\sodey\Desktop\Gabby\Laravel\ForgekinBackend\tests\Feature\FreelancerAuthTest.php" line="99" class="Tests\Feature\FreelancerAuthTest" classname="Tests.Feature.FreelancerAuthTest" assertions="1" time="0.075047"/>
        <testcase name="test_login_fails_without_email" file="C:\Users\sodey\Desktop\Gabby\Laravel\ForgekinBackend\tests\Feature\FreelancerAuthTest.php" line="123" class="Tests\Feature\FreelancerAuthTest" classname="Tests.Feature.FreelancerAuthTest" assertions="3" time="0.044346"/>
        <testcase name="test_login_fails_without_password" file="C:\Users\sodey\Desktop\Gabby\Laravel\ForgekinBackend\tests\Feature\FreelancerAuthTest.php" line="132" class="Tests\Feature\FreelancerAuthTest" classname="Tests.Feature.FreelancerAuthTest" assertions="3" time="0.049723"/>
        <testcase name="test_authenticated_freelancer_can_logout" file="C:\Users\sodey\Desktop\Gabby\Laravel\ForgekinBackend\tests\Feature\FreelancerAuthTest.php" line="143" class="Tests\Feature\FreelancerAuthTest" classname="Tests.Feature.FreelancerAuthTest" assertions="3" time="0.052170"/>
        <testcase name="test_unauthenticated_user_cannot_logout" file="C:\Users\sodey\Desktop\Gabby\Laravel\ForgekinBackend\tests\Feature\FreelancerAuthTest.php" line="157" class="Tests\Feature\FreelancerAuthTest" classname="Tests.Feature.FreelancerAuthTest" assertions="1" time="0.043667"/>
      </testsuite>
      <testsuite name="Tests\Feature\FreelancerCrudTest" file="C:\Users\sodey\Desktop\Gabby\Laravel\ForgekinBackend\tests\Feature\FreelancerCrudTest.php" tests="20" assertions="45" errors="0" failures="0" skipped="0" time="1.621969">
        <testcase name="test_can_list_freelancers" file="C:\Users\sodey\Desktop\Gabby\Laravel\ForgekinBackend\tests\Feature\FreelancerCrudTest.php" line="18" class="Tests\Feature\FreelancerCrudTest" classname="Tests.Feature.FreelancerCrudTest" assertions="2" time="0.066055"/>
        <testcase name="test_freelancer_list_is_paginated" file="C:\Users\sodey\Desktop\Gabby\Laravel\ForgekinBackend\tests\Feature\FreelancerCrudTest.php" line="28" class="Tests\Feature\FreelancerCrudTest" classname="Tests.Feature.FreelancerCrudTest" assertions="2" time="0.109396"/>
        <testcase name="test_freelancer_search_by_name" file="C:\Users\sodey\Desktop\Gabby\Laravel\ForgekinBackend\tests\Feature\FreelancerCrudTest.php" line="38" class="Tests\Feature\FreelancerCrudTest" classname="Tests.Feature.FreelancerCrudTest" assertions="2" time="0.066112"/>
        <testcase name="test_freelancer_filter_by_verified" file="C:\Users\sodey\Desktop\Gabby\Laravel\ForgekinBackend\tests\Feature\FreelancerCrudTest.php" line="49" class="Tests\Feature\FreelancerCrudTest" classname="Tests.Feature.FreelancerCrudTest" assertions="2" time="0.090664"/>
        <testcase name="test_can_show_freelancer_with_relationships" file="C:\Users\sodey\Desktop\Gabby\Laravel\ForgekinBackend\tests\Feature\FreelancerCrudTest.php" line="62" class="Tests\Feature\FreelancerCrudTest" classname="Tests.Feature.FreelancerCrudTest" assertions="8" time="0.078618"/>
        <testcase name="test_show_returns_404_for_nonexistent_freelancer" file="C:\Users\sodey\Desktop\Gabby\Laravel\ForgekinBackend\tests\Feature\FreelancerCrudTest.php" line="74" class="Tests\Feature\FreelancerCrudTest" classname="Tests.Feature.FreelancerCrudTest" assertions="1" time="0.071567"/>
        <testcase name="test_freelancer_can_update_own_profile" file="C:\Users\sodey\Desktop\Gabby\Laravel\ForgekinBackend\tests\Feature\FreelancerCrudTest.php" line="82" class="Tests\Feature\FreelancerCrudTest" classname="Tests.Feature.FreelancerCrudTest" assertions="4" time="0.106018"/>
        <testcase name="test_freelancer_cannot_update_another_freelancer" file="C:\Users\sodey\Desktop\Gabby\Laravel\ForgekinBackend\tests\Feature\FreelancerCrudTest.php" line="104" class="Tests\Feature\FreelancerCrudTest" classname="Tests.Feature.FreelancerCrudTest" assertions="1" time="0.081969"/>
        <testcase name="test_update_can_sync_skills" file="C:\Users\sodey\Desktop\Gabby\Laravel\ForgekinBackend\tests\Feature\FreelancerCrudTest.php" line="118" class="Tests\Feature\FreelancerCrudTest" classname="Tests.Feature.FreelancerCrudTest" assertions="3" time="0.118714"/>
        <testcase name="test_update_can_add_work_experiences" file="C:\Users\sodey\Desktop\Gabby\Laravel\ForgekinBackend\tests\Feature\FreelancerCrudTest.php" line="133" class="Tests\Feature\FreelancerCrudTest" classname="Tests.Feature.FreelancerCrudTest" assertions="2" time="0.104956"/>
        <testcase name="test_update_rejects_work_experience_with_end_before_start" file="C:\Users\sodey\Desktop\Gabby\Laravel\ForgekinBackend\tests\Feature\FreelancerCrudTest.php" line="155" class="Tests\Feature\FreelancerCrudTest" classname="Tests.Feature.FreelancerCrudTest" assertions="2" time="0.089910"/>
        <testcase name="test_update_can_sync_shift_preferences" file="C:\Users\sodey\Desktop\Gabby\Laravel\ForgekinBackend\tests\Feature\FreelancerCrudTest.php" line="176" class="Tests\Feature\FreelancerCrudTest" classname="Tests.Feature.FreelancerCrudTest" assertions="2" time="0.094169"/>
        <testcase name="test_unauthenticated_user_cannot_update_freelancer" file="C:\Users\sodey\Desktop\Gabby\Laravel\ForgekinBackend\tests\Feature\FreelancerCrudTest.php" line="199" class="Tests\Feature\FreelancerCrudTest" classname="Tests.Feature.FreelancerCrudTest" assertions="1" time="0.058564"/>
        <testcase name="test_freelancer_can_delete_own_account" file="C:\Users\sodey\Desktop\Gabby\Laravel\ForgekinBackend\tests\Feature\FreelancerCrudTest.php" line="212" class="Tests\Feature\FreelancerCrudTest" classname="Tests.Feature.FreelancerCrudTest" assertions="3" time="0.070379"/>
        <testcase name="test_freelancer_cannot_delete_another_freelancer" file="C:\Users\sodey\Desktop\Gabby\Laravel\ForgekinBackend\tests\Feature\FreelancerCrudTest.php" line="226" class="Tests\Feature\FreelancerCrudTest" classname="Tests.Feature.FreelancerCrudTest" assertions="2" time="0.059774"/>
        <testcase name="test_freelancer_can_delete_own_work_experience" file="C:\Users\sodey\Desktop\Gabby\Laravel\ForgekinBackend\tests\Feature\FreelancerCrudTest.php" line="241" class="Tests\Feature\FreelancerCrudTest" classname="Tests.Feature.FreelancerCrudTest" assertions="2" time="0.058243"/>
        <testcase name="test_delete_work_experience_returns_404_for_invalid_id" file="C:\Users\sodey\Desktop\Gabby\Laravel\ForgekinBackend\tests\Feature\FreelancerCrudTest.php" line="259" class="Tests\Feature\FreelancerCrudTest" classname="Tests.Feature.FreelancerCrudTest" assertions="1" time="0.063119"/>
        <testcase name="test_freelancer_cannot_delete_another_freelancers_work_experience" file="C:\Users\sodey\Desktop\Gabby\Laravel\ForgekinBackend\tests\Feature\FreelancerCrudTest.php" line="270" class="Tests\Feature\FreelancerCrudTest" classname="Tests.Feature.FreelancerCrudTest" assertions="1" time="0.077528"/>
        <testcase name="test_freelancer_can_detach_own_skill" file="C:\Users\sodey\Desktop\Gabby\Laravel\ForgekinBackend\tests\Feature\FreelancerCrudTest.php" line="290" class="Tests\Feature\FreelancerCrudTest" classname="Tests.Feature.FreelancerCrudTest" assertions="3" time="0.079111"/>
        <testcase name="test_detach_skill_returns_404_for_unattached_skill" file="C:\Users\sodey\Desktop\Gabby\Laravel\ForgekinBackend\tests\Feature\FreelancerCrudTest.php" line="305" class="Tests\Feature\FreelancerCrudTest" classname="Tests.Feature.FreelancerCrudTest" assertions="1" time="0.077104"/>
      </testsuite>
      <testsuite name="Tests\Feature\FreelancerDashboardTest" file="C:\Users\sodey\Desktop\Gabby\Laravel\ForgekinBackend\tests\Feature\FreelancerDashboardTest.php" tests="4" assertions="61" errors="0" failures="0" skipped="0" time="0.465817">
        <testcase name="test_dashboard_returns_empty_stats_for_fresh_freelancer" file="C:\Users\sodey\Desktop\Gabby\Laravel\ForgekinBackend\tests\Feature\FreelancerDashboardTest.php" line="32" class="Tests\Feature\FreelancerDashboardTest" classname="Tests.Feature.FreelancerDashboardTest" assertions="38" time="0.161939"/>
        <testcase name="test_dashboard_aggregates_jobs_payments_and_reviews" file="C:\Users\sodey\Desktop\Gabby\Laravel\ForgekinBackend\tests\Feature\FreelancerDashboardTest.php" line="58" class="Tests\Feature\FreelancerDashboardTest" classname="Tests.Feature.FreelancerDashboardTest" assertions="21" time="0.176064"/>
        <testcase name="test_freelancer_cannot_view_another_freelancers_dashboard" file="C:\Users\sodey\Desktop\Gabby\Laravel\ForgekinBackend\tests\Feature\FreelancerDashboardTest.php" line="153" class="Tests\Feature\FreelancerDashboardTest" classname="Tests.Feature.FreelancerDashboardTest" assertions="1" time="0.069162"/>
        <testcase name="test_unauthenticated_cannot_view_dashboard" file="C:\Users\sodey\Desktop\Gabby\Laravel\ForgekinBackend\tests\Feature\FreelancerDashboardTest.php" line="162" class="Tests\Feature\FreelancerDashboardTest" classname="Tests.Feature.FreelancerDashboardTest" assertions="1" time="0.058653"/>
      </testsuite>
      <testsuite name="Tests\Feature\FreelancerDocumentTest" file="C:\Users\sodey\Desktop\Gabby\Laravel\ForgekinBackend\tests\Feature\FreelancerDocumentTest.php" tests="8" assertions="23" errors="0" failures="0" skipped="0" time="0.664508">
        <testcase name="test_profile_image_is_stored_with_name_slug" file="C:\Users\sodey\Desktop\Gabby\Laravel\ForgekinBackend\tests\Feature\FreelancerDocumentTest.php" line="33" class="Tests\Feature\FreelancerDocumentTest" classname="Tests.Feature.FreelancerDocumentTest" assertions="2" time="0.096023"/>
        <testcase name="test_documents_are_stored_with_name_slug_prefix" file="C:\Users\sodey\Desktop\Gabby\Laravel\ForgekinBackend\tests\Feature\FreelancerDocumentTest.php" line="48" class="Tests\Feature\FreelancerDocumentTest" classname="Tests.Feature.FreelancerDocumentTest" assertions="5" time="0.105118"/>
        <testcase name="test_freelancer_can_delete_own_document" file="C:\Users\sodey\Desktop\Gabby\Laravel\ForgekinBackend\tests\Feature\FreelancerDocumentTest.php" line="69" class="Tests\Feature\FreelancerDocumentTest" classname="Tests.Feature.FreelancerDocumentTest" assertions="4" time="0.077307"/>
        <testcase name="test_freelancer_cannot_delete_another_freelancers_document" file="C:\Users\sodey\Desktop\Gabby\Laravel\ForgekinBackend\tests\Feature\FreelancerDocumentTest.php" line="89" class="Tests\Feature\FreelancerDocumentTest" classname="Tests.Feature.FreelancerDocumentTest" assertions="2" time="0.083869"/>
        <testcase name="test_unauthenticated_cannot_delete_document" file="C:\Users\sodey\Desktop\Gabby\Laravel\ForgekinBackend\tests\Feature\FreelancerDocumentTest.php" line="107" class="Tests\Feature\FreelancerDocumentTest" classname="Tests.Feature.FreelancerDocumentTest" assertions="1" time="0.067928"/>
        <testcase name="test_destroying_freelancer_cleans_up_files" file="C:\Users\sodey\Desktop\Gabby\Laravel\ForgekinBackend\tests\Feature\FreelancerDocumentTest.php" line="122" class="Tests\Feature\FreelancerDocumentTest" classname="Tests.Feature.FreelancerDocumentTest" assertions="3" time="0.083139"/>
        <testcase name="test_resource_returns_single_storage_prefix_url" file="C:\Users\sodey\Desktop\Gabby\Laravel\ForgekinBackend\tests\Feature\FreelancerDocumentTest.php" line="145" class="Tests\Feature\FreelancerDocumentTest" classname="Tests.Feature.FreelancerDocumentTest" assertions="3" time="0.077187"/>
        <testcase name="test_resource_normalizes_legacy_storage_prefixed_paths" file="C:\Users\sodey\Desktop\Gabby\Laravel\ForgekinBackend\tests\Feature\FreelancerDocumentTest.php" line="157" class="Tests\Feature\FreelancerDocumentTest" classname="Tests.Feature.FreelancerDocumentTest" assertions="3" time="0.073937"/>
      </testsuite>
      <testsuite name="Tests\Feature\FreelancerRegistrationTest" file="C:\Users\sodey\Desktop\Gabby\Laravel\ForgekinBackend\tests\Feature\FreelancerRegistrationTest.php" tests="17" assertions="50" errors="0" failures="0" skipped="0" time="0.986378">
        <testcase name="test_freelancer_can_register_with_valid_data" file="C:\Users\sodey\Desktop\Gabby\Laravel\ForgekinBackend\tests\Feature\FreelancerRegistrationTest.php" line="37" class="Tests\Feature\FreelancerRegistrationTest" classname="Tests.Feature.FreelancerRegistrationTest" assertions="7" time="0.064792"/>
        <testcase name="test_registration_sends_verification_email" file="C:\Users\sodey\Desktop\Gabby\Laravel\ForgekinBackend\tests\Feature\FreelancerRegistrationTest.php" line="53" class="Tests\Feature\FreelancerRegistrationTest" classname="Tests.Feature.FreelancerRegistrationTest" assertions="1" time="0.066809"/>
        <testcase name="test_registration_stores_hashed_password" file="C:\Users\sodey\Desktop\Gabby\Laravel\ForgekinBackend\tests\Feature\FreelancerRegistrationTest.php" line="62" class="Tests\Feature\FreelancerRegistrationTest" classname="Tests.Feature.FreelancerRegistrationTest" assertions="2" time="0.062294"/>
        <testcase name="test_registration_generates_verification_code" file="C:\Users\sodey\Desktop\Gabby\Laravel\ForgekinBackend\tests\Feature\FreelancerRegistrationTest.php" line="71" class="Tests\Feature\FreelancerRegistrationTest" classname="Tests.Feature.FreelancerRegistrationTest" assertions="3" time="0.055600"/>
        <testcase name="test_registration_fails_without_first_name" file="C:\Users\sodey\Desktop\Gabby\Laravel\ForgekinBackend\tests\Feature\FreelancerRegistrationTest.php" line="83" class="Tests\Feature\FreelancerRegistrationTest" classname="Tests.Feature.FreelancerRegistrationTest" assertions="3" time="0.054151"/>
        <testcase name="test_registration_fails_without_last_name" file="C:\Users\sodey\Desktop\Gabby\Laravel\ForgekinBackend\tests\Feature\FreelancerRegistrationTest.php" line="90" class="Tests\Feature\FreelancerRegistrationTest" classname="Tests.Feature.FreelancerRegistrationTest" assertions="3" time="0.076628"/>
        <testcase name="test_registration_fails_without_email" file="C:\Users\sodey\Desktop\Gabby\Laravel\ForgekinBackend\tests\Feature\FreelancerRegistrationTest.php" line="97" class="Tests\Feature\FreelancerRegistrationTest" classname="Tests.Feature.FreelancerRegistrationTest" assertions="3" time="0.054717"/>
        <testcase name="test_registration_fails_with_invalid_email" file="C:\Users\sodey\Desktop\Gabby\Laravel\ForgekinBackend\tests\Feature\FreelancerRegistrationTest.php" line="104" class="Tests\Feature\FreelancerRegistrationTest" classname="Tests.Feature.FreelancerRegistrationTest" assertions="3" time="0.044678"/>
        <testcase name="test_registration_fails_with_duplicate_email" file="C:\Users\sodey\Desktop\Gabby\Laravel\ForgekinBackend\tests\Feature\FreelancerRegistrationTest.php" line="111" class="Tests\Feature\FreelancerRegistrationTest" classname="Tests.Feature.FreelancerRegistrationTest" assertions="3" time="0.059516"/>
        <testcase name="test_registration_fails_without_password" file="C:\Users\sodey\Desktop\Gabby\Laravel\ForgekinBackend\tests\Feature\FreelancerRegistrationTest.php" line="119" class="Tests\Feature\FreelancerRegistrationTest" classname="Tests.Feature.FreelancerRegistrationTest" assertions="3" time="0.055329"/>
        <testcase name="test_registration_fails_with_short_password" file="C:\Users\sodey\Desktop\Gabby\Laravel\ForgekinBackend\tests\Feature\FreelancerRegistrationTest.php" line="126" class="Tests\Feature\FreelancerRegistrationTest" classname="Tests.Feature.FreelancerRegistrationTest" assertions="3" time="0.067322"/>
        <testcase name="test_registration_fails_without_password_confirmation" file="C:\Users\sodey\Desktop\Gabby\Laravel\ForgekinBackend\tests\Feature\FreelancerRegistrationTest.php" line="134" class="Tests\Feature\FreelancerRegistrationTest" classname="Tests.Feature.FreelancerRegistrationTest" assertions="3" time="0.051310"/>
        <testcase name="test_registration_fails_with_mismatched_password" file="C:\Users\sodey\Desktop\Gabby\Laravel\ForgekinBackend\tests\Feature\FreelancerRegistrationTest.php" line="141" class="Tests\Feature\FreelancerRegistrationTest" classname="Tests.Feature.FreelancerRegistrationTest" assertions="3" time="0.052367"/>
        <testcase name="test_registration_fails_with_invalid_gender" file="C:\Users\sodey\Desktop\Gabby\Laravel\ForgekinBackend\tests\Feature\FreelancerRegistrationTest.php" line="148" class="Tests\Feature\FreelancerRegistrationTest" classname="Tests.Feature.FreelancerRegistrationTest" assertions="3" time="0.055500"/>
        <testcase name="test_registration_fails_with_underage_dob" file="C:\Users\sodey\Desktop\Gabby\Laravel\ForgekinBackend\tests\Feature\FreelancerRegistrationTest.php" line="155" class="Tests\Feature\FreelancerRegistrationTest" classname="Tests.Feature.FreelancerRegistrationTest" assertions="3" time="0.049905"/>
        <testcase name="test_registration_fails_without_contact" file="C:\Users\sodey\Desktop\Gabby\Laravel\ForgekinBackend\tests\Feature\FreelancerRegistrationTest.php" line="162" class="Tests\Feature\FreelancerRegistrationTest" classname="Tests.Feature.FreelancerRegistrationTest" assertions="3" time="0.055240"/>
        <testcase name="test_registration_succeeds_without_other_names" file="C:\Users\sodey\Desktop\Gabby\Laravel\ForgekinBackend\tests\Feature\FreelancerRegistrationTest.php" line="171" class="Tests\Feature\FreelancerRegistrationTest" classname="Tests.Feature.FreelancerRegistrationTest" assertions="1" time="0.060221"/>
      </testsuite>
      <testsuite name="Tests\Feature\FreelancerVerificationTest" file="C:\Users\sodey\Desktop\Gabby\Laravel\ForgekinBackend\tests\Feature\FreelancerVerificationTest.php" tests="7" assertions="21" errors="0" failures="0" skipped="0" time="0.372343">
        <testcase name="test_freelancer_can_verify_email_with_valid_code" file="C:\Users\sodey\Desktop\Gabby\Laravel\ForgekinBackend\tests\Feature\FreelancerVerificationTest.php" line="18" class="Tests\Feature\FreelancerVerificationTest" classname="Tests.Feature.FreelancerVerificationTest" assertions="4" time="0.065144"/>
        <testcase name="test_verification_fails_with_wrong_code" file="C:\Users\sodey\Desktop\Gabby\Laravel\ForgekinBackend\tests\Feature\FreelancerVerificationTest.php" line="38" class="Tests\Feature\FreelancerVerificationTest" classname="Tests.Feature.FreelancerVerificationTest" assertions="2" time="0.055221"/>
        <testcase name="test_verification_fails_with_expired_code" file="C:\Users\sodey\Desktop\Gabby\Laravel\ForgekinBackend\tests\Feature\FreelancerVerificationTest.php" line="54" class="Tests\Feature\FreelancerVerificationTest" classname="Tests.Feature.FreelancerVerificationTest" assertions="2" time="0.056947"/>
        <testcase name="test_verification_fails_with_nonexistent_email" file="C:\Users\sodey\Desktop\Gabby\Laravel\ForgekinBackend\tests\Feature\FreelancerVerificationTest.php" line="70" class="Tests\Feature\FreelancerVerificationTest" classname="Tests.Feature.FreelancerVerificationTest" assertions="3" time="0.044000"/>
        <testcase name="test_verification_fails_with_code_wrong_length" file="C:\Users\sodey\Desktop\Gabby\Laravel\ForgekinBackend\tests\Feature\FreelancerVerificationTest.php" line="80" class="Tests\Feature\FreelancerVerificationTest" classname="Tests.Feature.FreelancerVerificationTest" assertions="3" time="0.055125"/>
        <testcase name="test_resend_verification_code_sends_new_email" file="C:\Users\sodey\Desktop\Gabby\Laravel\ForgekinBackend\tests\Feature\FreelancerVerificationTest.php" line="94" class="Tests\Feature\FreelancerVerificationTest" classname="Tests.Feature.FreelancerVerificationTest" assertions="4" time="0.048972"/>
        <testcase name="test_resend_verification_fails_with_nonexistent_email" file="C:\Users\sodey\Desktop\Gabby\Laravel\ForgekinBackend\tests\Feature\FreelancerVerificationTest.php" line="112" class="Tests\Feature\FreelancerVerificationTest" classname="Tests.Feature.FreelancerVerificationTest" assertions="3" time="0.046933"/>
      </testsuite>
      <testsuite name="Tests\Feature\JobTest" file="C:\Users\sodey\Desktop\Gabby\Laravel\ForgekinBackend\tests\Feature\JobTest.php" tests="19" assertions="49" errors="0" failures="0" skipped="0" time="1.496352">
        <testcase name="test_employer_can_create_job" file="C:\Users\sodey\Desktop\Gabby\Laravel\ForgekinBackend\tests\Feature\JobTest.php" line="41" class="Tests\Feature\JobTest" classname="Tests.Feature.JobTest" assertions="5" time="0.060317"/>
        <testcase name="test_unauthenticated_user_cannot_create_job" file="C:\Users\sodey\Desktop\Gabby\Laravel\ForgekinBackend\tests\Feature\JobTest.php" line="60" class="Tests\Feature\JobTest" classname="Tests.Feature.JobTest" assertions="1" time="0.047351"/>
        <testcase name="test_create_job_fails_without_title" file="C:\Users\sodey\Desktop\Gabby\Laravel\ForgekinBackend\tests\Feature\JobTest.php" line="68" class="Tests\Feature\JobTest" classname="Tests.Feature.JobTest" assertions="3" time="0.063575"/>
        <testcase name="test_create_job_fails_with_invalid_rate_type" file="C:\Users\sodey\Desktop\Gabby\Laravel\ForgekinBackend\tests\Feature\JobTest.php" line="76" class="Tests\Feature\JobTest" classname="Tests.Feature.JobTest" assertions="3" time="0.054852"/>
        <testcase name="test_create_job_fails_with_past_deadline" file="C:\Users\sodey\Desktop\Gabby\Laravel\ForgekinBackend\tests\Feature\JobTest.php" line="84" class="Tests\Feature\JobTest" classname="Tests.Feature.JobTest" assertions="3" time="0.080217"/>
        <testcase name="test_create_job_fails_with_invalid_experience_level" file="C:\Users\sodey\Desktop\Gabby\Laravel\ForgekinBackend\tests\Feature\JobTest.php" line="92" class="Tests\Feature\JobTest" classname="Tests.Feature.JobTest" assertions="3" time="0.060975"/>
        <testcase name="test_create_job_fails_with_invalid_shift_type" file="C:\Users\sodey\Desktop\Gabby\Laravel\ForgekinBackend\tests\Feature\JobTest.php" line="100" class="Tests\Feature\JobTest" classname="Tests.Feature.JobTest" assertions="3" time="0.059084"/>
        <testcase name="test_create_job_fails_when_max_budget_less_than_min" file="C:\Users\sodey\Desktop\Gabby\Laravel\ForgekinBackend\tests\Feature\JobTest.php" line="108" class="Tests\Feature\JobTest" classname="Tests.Feature.JobTest" assertions="3" time="0.056825"/>
        <testcase name="test_can_list_jobs_without_auth" file="C:\Users\sodey\Desktop\Gabby\Laravel\ForgekinBackend\tests\Feature\JobTest.php" line="119" class="Tests\Feature\JobTest" classname="Tests.Feature.JobTest" assertions="2" time="0.081891"/>
        <testcase name="test_job_list_supports_search" file="C:\Users\sodey\Desktop\Gabby\Laravel\ForgekinBackend\tests\Feature\JobTest.php" line="128" class="Tests\Feature\JobTest" classname="Tests.Feature.JobTest" assertions="2" time="0.102900"/>
        <testcase name="test_job_list_filters_by_rate_type" file="C:\Users\sodey\Desktop\Gabby\Laravel\ForgekinBackend\tests\Feature\JobTest.php" line="142" class="Tests\Feature\JobTest" classname="Tests.Feature.JobTest" assertions="2" time="0.115920"/>
        <testcase name="test_job_list_filters_active_only" file="C:\Users\sodey\Desktop\Gabby\Laravel\ForgekinBackend\tests\Feature\JobTest.php" line="155" class="Tests\Feature\JobTest" classname="Tests.Feature.JobTest" assertions="2" time="0.078261"/>
        <testcase name="test_can_show_job_with_employer" file="C:\Users\sodey\Desktop\Gabby\Laravel\ForgekinBackend\tests\Feature\JobTest.php" line="174" class="Tests\Feature\JobTest" classname="Tests.Feature.JobTest" assertions="6" time="0.063321"/>
        <testcase name="test_show_returns_404_for_nonexistent_job" file="C:\Users\sodey\Desktop\Gabby\Laravel\ForgekinBackend\tests\Feature\JobTest.php" line="185" class="Tests\Feature\JobTest" classname="Tests.Feature.JobTest" assertions="2" time="0.085297"/>
        <testcase name="test_employer_can_update_own_job" file="C:\Users\sodey\Desktop\Gabby\Laravel\ForgekinBackend\tests\Feature\JobTest.php" line="193" class="Tests\Feature\JobTest" classname="Tests.Feature.JobTest" assertions="3" time="0.085140"/>
        <testcase name="test_employer_cannot_update_another_employers_job" file="C:\Users\sodey\Desktop\Gabby\Laravel\ForgekinBackend\tests\Feature\JobTest.php" line="206" class="Tests\Feature\JobTest" classname="Tests.Feature.JobTest" assertions="1" time="0.095588"/>
        <testcase name="test_update_job_returns_404_for_nonexistent" file="C:\Users\sodey\Desktop\Gabby\Laravel\ForgekinBackend\tests\Feature\JobTest.php" line="217" class="Tests\Feature\JobTest" classname="Tests.Feature.JobTest" assertions="1" time="0.085868"/>
        <testcase name="test_employer_can_delete_own_job" file="C:\Users\sodey\Desktop\Gabby\Laravel\ForgekinBackend\tests\Feature\JobTest.php" line="227" class="Tests\Feature\JobTest" classname="Tests.Feature.JobTest" assertions="3" time="0.112327"/>
        <testcase name="test_employer_cannot_delete_another_employers_job" file="C:\Users\sodey\Desktop\Gabby\Laravel\ForgekinBackend\tests\Feature\JobTest.php" line="240" class="Tests\Feature\JobTest" classname="Tests.Feature.JobTest" assertions="1" time="0.106642"/>
      </testsuite>
      <testsuite name="Tests\Feature\PasswordResetTest" file="C:\Users\sodey\Desktop\Gabby\Laravel\ForgekinBackend\tests\Feature\PasswordResetTest.php" tests="9" assertions="22" errors="0" failures="0" skipped="0" time="0.679882">
        <testcase name="test_forgot_password_sends_reset_email" file="C:\Users\sodey\Desktop\Gabby\Laravel\ForgekinBackend\tests\Feature\PasswordResetTest.php" line="20" class="Tests\Feature\PasswordResetTest" classname="Tests.Feature.PasswordResetTest" assertions="3" time="0.077358"/>
        <testcase name="test_forgot_password_creates_reset_token" file="C:\Users\sodey\Desktop\Gabby\Laravel\ForgekinBackend\tests\Feature\PasswordResetTest.php" line="35" class="Tests\Feature\PasswordResetTest" classname="Tests.Feature.PasswordResetTest" assertions="1" time="0.073044"/>
        <testcase name="test_forgot_password_deletes_old_tokens" file="C:\Users\sodey\Desktop\Gabby\Laravel\ForgekinBackend\tests\Feature\PasswordResetTest.php" line="47" class="Tests\Feature\PasswordResetTest" classname="Tests.Feature.PasswordResetTest" assertions="1" time="0.061066"/>
        <testcase name="test_forgot_password_fails_with_nonexistent_email" file="C:\Users\sodey\Desktop\Gabby\Laravel\ForgekinBackend\tests\Feature\PasswordResetTest.php" line="68" class="Tests\Feature\PasswordResetTest" classname="Tests.Feature.PasswordResetTest" assertions="3" time="0.070435"/>
        <testcase name="test_can_reset_password_with_valid_token" file="C:\Users\sodey\Desktop\Gabby\Laravel\ForgekinBackend\tests\Feature\PasswordResetTest.php" line="79" class="Tests\Feature\PasswordResetTest" classname="Tests.Feature.PasswordResetTest" assertions="4" time="0.088733"/>
        <testcase name="test_reset_fails_with_invalid_token" file="C:\Users\sodey\Desktop\Gabby\Laravel\ForgekinBackend\tests\Feature\PasswordResetTest.php" line="112" class="Tests\Feature\PasswordResetTest" classname="Tests.Feature.PasswordResetTest" assertions="2" time="0.078809"/>
        <testcase name="test_reset_fails_with_expired_token" file="C:\Users\sodey\Desktop\Gabby\Laravel\ForgekinBackend\tests\Feature\PasswordResetTest.php" line="133" class="Tests\Feature\PasswordResetTest" classname="Tests.Feature.PasswordResetTest" assertions="2" time="0.078035"/>
        <testcase name="test_reset_fails_without_password_confirmation" file="C:\Users\sodey\Desktop\Gabby\Laravel\ForgekinBackend\tests\Feature\PasswordResetTest.php" line="155" class="Tests\Feature\PasswordResetTest" classname="Tests.Feature.PasswordResetTest" assertions="3" time="0.068584"/>
        <testcase name="test_reset_fails_with_short_password" file="C:\Users\sodey\Desktop\Gabby\Laravel\ForgekinBackend\tests\Feature\PasswordResetTest.php" line="166" class="Tests\Feature\PasswordResetTest" classname="Tests.Feature.PasswordResetTest" assertions="3" time="0.083817"/>
      </testsuite>
      <testsuite name="Tests\Feature\RolePermissionTest" file="C:\Users\sodey\Desktop\Gabby\Laravel\ForgekinBackend\tests\Feature\RolePermissionTest.php" tests="14" assertions="34" errors="0" failures="0" skipped="0" time="1.348651">
        <testcase name="test_can_list_roles" file="C:\Users\sodey\Desktop\Gabby\Laravel\ForgekinBackend\tests\Feature\RolePermissionTest.php" line="33" class="Tests\Feature\RolePermissionTest" classname="Tests.Feature.RolePermissionTest" assertions="2" time="0.113972"/>
        <testcase name="test_can_create_role" file="C:\Users\sodey\Desktop\Gabby\Laravel\ForgekinBackend\tests\Feature\RolePermissionTest.php" line="41" class="Tests\Feature\RolePermissionTest" classname="Tests.Feature.RolePermissionTest" assertions="3" time="0.105808"/>
        <testcase name="test_create_role_fails_with_duplicate_name" file="C:\Users\sodey\Desktop\Gabby\Laravel\ForgekinBackend\tests\Feature\RolePermissionTest.php" line="52" class="Tests\Feature\RolePermissionTest" classname="Tests.Feature.RolePermissionTest" assertions="3" time="0.100878"/>
        <testcase name="test_can_update_role" file="C:\Users\sodey\Desktop\Gabby\Laravel\ForgekinBackend\tests\Feature\RolePermissionTest.php" line="62" class="Tests\Feature\RolePermissionTest" classname="Tests.Feature.RolePermissionTest" assertions="2" time="0.087523"/>
        <testcase name="test_cannot_update_super_admin_role" file="C:\Users\sodey\Desktop\Gabby\Laravel\ForgekinBackend\tests\Feature\RolePermissionTest.php" line="73" class="Tests\Feature\RolePermissionTest" classname="Tests.Feature.RolePermissionTest" assertions="2" time="0.086316"/>
        <testcase name="test_can_delete_role" file="C:\Users\sodey\Desktop\Gabby\Laravel\ForgekinBackend\tests\Feature\RolePermissionTest.php" line="84" class="Tests\Feature\RolePermissionTest" classname="Tests.Feature.RolePermissionTest" assertions="2" time="0.088782"/>
        <testcase name="test_cannot_delete_super_admin_role" file="C:\Users\sodey\Desktop\Gabby\Laravel\ForgekinBackend\tests\Feature\RolePermissionTest.php" line="95" class="Tests\Feature\RolePermissionTest" classname="Tests.Feature.RolePermissionTest" assertions="2" time="0.094740"/>
        <testcase name="test_can_list_permissions" file="C:\Users\sodey\Desktop\Gabby\Laravel\ForgekinBackend\tests\Feature\RolePermissionTest.php" line="108" class="Tests\Feature\RolePermissionTest" classname="Tests.Feature.RolePermissionTest" assertions="2" time="0.099267"/>
        <testcase name="test_can_create_permission" file="C:\Users\sodey\Desktop\Gabby\Laravel\ForgekinBackend\tests\Feature\RolePermissionTest.php" line="116" class="Tests\Feature\RolePermissionTest" classname="Tests.Feature.RolePermissionTest" assertions="2" time="0.082266"/>
        <testcase name="test_create_permission_fails_with_duplicate" file="C:\Users\sodey\Desktop\Gabby\Laravel\ForgekinBackend\tests\Feature\RolePermissionTest.php" line="125" class="Tests\Feature\RolePermissionTest" classname="Tests.Feature.RolePermissionTest" assertions="3" time="0.088600"/>
        <testcase name="test_can_sync_permissions_to_role" file="C:\Users\sodey\Desktop\Gabby\Laravel\ForgekinBackend\tests\Feature\RolePermissionTest.php" line="135" class="Tests\Feature\RolePermissionTest" classname="Tests.Feature.RolePermissionTest" assertions="4" time="0.131090"/>
        <testcase name="test_cannot_sync_permissions_to_super_admin" file="C:\Users\sodey\Desktop\Gabby\Laravel\ForgekinBackend\tests\Feature\RolePermissionTest.php" line="151" class="Tests\Feature\RolePermissionTest" classname="Tests.Feature.RolePermissionTest" assertions="1" time="0.090693"/>
        <testcase name="test_regular_user_cannot_access_role_routes" file="C:\Users\sodey\Desktop\Gabby\Laravel\ForgekinBackend\tests\Feature\RolePermissionTest.php" line="165" class="Tests\Feature\RolePermissionTest" classname="Tests.Feature.RolePermissionTest" assertions="3" time="0.101742"/>
        <testcase name="test_unauthenticated_cannot_access_role_routes" file="C:\Users\sodey\Desktop\Gabby\Laravel\ForgekinBackend\tests\Feature\RolePermissionTest.php" line="182" class="Tests\Feature\RolePermissionTest" classname="Tests.Feature.RolePermissionTest" assertions="3" time="0.076973"/>
      </testsuite>
    </testsuite>
  </testsuite>
</testsuites>
